2026-02-02 00:11:23 [main] INFO  c.e.e.EcommerceBackendApplication - Starting EcommerceBackendApplication using Java 21.0.9 with PID 13816 (D:\School\Wing\Train\ecommerce\ecommerce_backend\target\classes started by USER in D:\School\Wing\Train\ecommerce\ecommerce_backend)
2026-02-02 00:11:23 [main] DEBUG c.e.e.EcommerceBackendApplication - Running with Spring Boot v3.5.10, Spring v6.2.15
2026-02-02 00:11:23 [main] INFO  c.e.e.EcommerceBackendApplication - No active profile set, falling back to 1 default profile: "default"
2026-02-02 00:11:24 [main] INFO  o.s.d.r.c.RepositoryConfigurationDelegate - Bootstrapping Spring Data JPA repositories in DEFAULT mode.
2026-02-02 00:11:24 [main] INFO  o.s.d.r.c.RepositoryConfigurationDelegate - Finished Spring Data repository scanning in 63 ms. Found 2 JPA repository interfaces.
2026-02-02 00:11:25 [main] INFO  o.s.b.w.e.tomcat.TomcatWebServer - Tomcat initialized with port 8080 (http)
2026-02-02 00:11:25 [main] INFO  o.a.catalina.core.StandardService - Starting service [Tomcat]
2026-02-02 00:11:25 [main] INFO  o.a.catalina.core.StandardEngine - Starting Servlet engine: [Apache Tomcat/10.1.50]
2026-02-02 00:11:25 [main] INFO  o.a.c.c.C.[Tomcat].[localhost].[/] - Initializing Spring embedded WebApplicationContext
2026-02-02 00:11:25 [main] INFO  o.s.b.w.s.c.ServletWebServerApplicationContext - Root WebApplicationContext: initialization completed in 1574 ms
2026-02-02 00:11:25 [main] INFO  o.h.jpa.internal.util.LogHelper - HHH000204: Processing PersistenceUnitInfo [name: default]
2026-02-02 00:11:25 [main] INFO  org.hibernate.Version - HHH000412: Hibernate ORM core version 6.6.41.Final
2026-02-02 00:11:25 [main] INFO  o.h.c.i.RegionFactoryInitiator - HHH000026: Second-level cache disabled
2026-02-02 00:11:25 [main] INFO  o.s.o.j.p.SpringPersistenceUnitInfo - No LoadTimeWeaver setup: ignoring JPA class transformer
2026-02-02 00:11:25 [main] INFO  com.zaxxer.hikari.HikariDataSource - HikariPool-1 - Starting...
2026-02-02 00:11:26 [main] INFO  com.zaxxer.hikari.pool.HikariPool - HikariPool-1 - Added connection org.postgresql.jdbc.PgConnection@29c59b6e
2026-02-02 00:11:26 [main] INFO  com.zaxxer.hikari.HikariDataSource - HikariPool-1 - Start completed.
2026-02-02 00:11:26 [main] WARN  org.hibernate.orm.deprecation - HHH90000025: PostgreSQLDialect does not need to be specified explicitly using 'hibernate.dialect' (remove the property setting and it will be selected by default)
2026-02-02 00:11:26 [main] INFO  o.hibernate.orm.connections.pooling - HHH10001005: Database info:
	Database JDBC URL [Connecting through datasource 'HikariDataSource (HikariPool-1)']
	Database driver: undefined/unknown
	Database version: 17.0
	Autocommit mode: undefined/unknown
	Isolation level: undefined/unknown
	Minimum pool size: undefined/unknown
	Maximum pool size: undefined/unknown
2026-02-02 00:11:27 [main] INFO  o.h.e.t.j.p.i.JtaPlatformInitiator - HHH000489: No JTA platform available (set 'hibernate.transaction.jta.platform' to enable JTA platform integration)
2026-02-02 00:11:27 [main] DEBUG org.hibernate.SQL - 
    create table refresh_tokens (
        id bigint generated by default as identity,
        created_at timestamp(6) not null,
        expires_at timestamp(6) not null,
        replaced_by_token_hash varchar(64),
        revoked boolean not null,
        revoked_at timestamp(6),
        token_hash varchar(64) not null,
        user_id bigint not null,
        primary key (id)
    )
2026-02-02 00:11:27 [main] DEBUG org.hibernate.SQL - 
    create table users (
        id bigint generated by default as identity,
        account_non_expired boolean not null,
        account_non_locked boolean not null,
        created_at timestamp(6) not null,
        credentials_non_expired boolean not null,
        email varchar(100) not null,
        enabled boolean not null,
        first_name varchar(50),
        last_login timestamp(6),
        last_name varchar(50),
        password varchar(255) not null,
        phone_number varchar(20),
        role varchar(255) not null check (role in ('USER','ADMIN','MODERATOR')),
        updated_at timestamp(6),
        username varchar(50) not null,
        primary key (id)
    )
2026-02-02 00:11:27 [main] DEBUG org.hibernate.SQL - 
    create index idx_token_hash 
       on refresh_tokens (token_hash)
2026-02-02 00:11:27 [main] DEBUG org.hibernate.SQL - 
    create index idx_user_id 
       on refresh_tokens (user_id)
2026-02-02 00:11:27 [main] DEBUG org.hibernate.SQL - 
    alter table if exists refresh_tokens 
       drop constraint if exists UKo2mlirhldriil2y7krapq4frt
2026-02-02 00:11:27 [main] WARN  o.h.e.jdbc.spi.SqlExceptionHelper - SQL Warning Code: 0, SQLState: 00000
2026-02-02 00:11:27 [main] WARN  o.h.e.jdbc.spi.SqlExceptionHelper - constraint "uko2mlirhldriil2y7krapq4frt" of relation "refresh_tokens" does not exist, skipping
2026-02-02 00:11:27 [main] DEBUG org.hibernate.SQL - 
    alter table if exists refresh_tokens 
       add constraint UKo2mlirhldriil2y7krapq4frt unique (token_hash)
2026-02-02 00:11:27 [main] DEBUG org.hibernate.SQL - 
    create index idx_email 
       on users (email)
2026-02-02 00:11:27 [main] DEBUG org.hibernate.SQL - 
    create index idx_username 
       on users (username)
2026-02-02 00:11:27 [main] DEBUG org.hibernate.SQL - 
    alter table if exists users 
       drop constraint if exists UK6dotkott2kjsp8vw4d0m25fb7
2026-02-02 00:11:27 [main] WARN  o.h.e.jdbc.spi.SqlExceptionHelper - SQL Warning Code: 0, SQLState: 00000
2026-02-02 00:11:27 [main] WARN  o.h.e.jdbc.spi.SqlExceptionHelper - constraint "uk6dotkott2kjsp8vw4d0m25fb7" of relation "users" does not exist, skipping
2026-02-02 00:11:27 [main] DEBUG org.hibernate.SQL - 
    alter table if exists users 
       add constraint UK6dotkott2kjsp8vw4d0m25fb7 unique (email)
2026-02-02 00:11:27 [main] DEBUG org.hibernate.SQL - 
    alter table if exists users 
       drop constraint if exists UKr43af9ap4edm43mmtq01oddj6
2026-02-02 00:11:27 [main] WARN  o.h.e.jdbc.spi.SqlExceptionHelper - SQL Warning Code: 0, SQLState: 00000
2026-02-02 00:11:27 [main] WARN  o.h.e.jdbc.spi.SqlExceptionHelper - constraint "ukr43af9ap4edm43mmtq01oddj6" of relation "users" does not exist, skipping
2026-02-02 00:11:27 [main] DEBUG org.hibernate.SQL - 
    alter table if exists users 
       add constraint UKr43af9ap4edm43mmtq01oddj6 unique (username)
2026-02-02 00:11:27 [main] DEBUG org.hibernate.SQL - 
    alter table if exists refresh_tokens 
       add constraint FK1lih5y2npsf8u5o3vhdb9y0os 
       foreign key (user_id) 
       references users
2026-02-02 00:11:27 [main] INFO  o.s.o.j.LocalContainerEntityManagerFactoryBean - Initialized JPA EntityManagerFactory for persistence unit 'default'
2026-02-02 00:11:27 [main] INFO  o.s.d.j.r.query.QueryEnhancerFactory - Hibernate is in classpath; If applicable, HQL parser will be used.
2026-02-02 00:11:28 [main] DEBUG c.e.e.s.JwtAuthenticationFilter - Filter 'jwtAuthenticationFilter' configured for use
2026-02-02 00:11:28 [main] INFO  o.s.s.c.a.a.c.InitializeAuthenticationProviderBeanManagerConfigurer$InitializeAuthenticationProviderManagerConfigurer - Global AuthenticationManager configured with AuthenticationProvider bean with name authenticationProvider
2026-02-02 00:11:28 [main] WARN  o.s.s.c.a.a.c.InitializeUserDetailsBeanManagerConfigurer$InitializeUserDetailsManagerConfigurer - Global AuthenticationManager configured with an AuthenticationProvider bean. UserDetailsService beans will not be used by Spring Security for automatically configuring username/password login. Consider removing the AuthenticationProvider bean. Alternatively, consider using the UserDetailsService in a manually instantiated DaoAuthenticationProvider. If the current configuration is intentional, to turn off this warning, increase the logging level of 'org.springframework.security.config.annotation.authentication.configuration.InitializeUserDetailsBeanManagerConfigurer' to ERROR
2026-02-02 00:11:28 [main] WARN  o.s.b.a.o.j.JpaBaseConfiguration$JpaWebConfiguration - spring.jpa.open-in-view is enabled by default. Therefore, database queries may be performed during view rendering. Explicitly configure spring.jpa.open-in-view to disable this warning
2026-02-02 00:11:29 [main] DEBUG o.s.s.web.DefaultSecurityFilterChain - Will secure any request with filters: DisableEncodeUrlFilter, WebAsyncManagerIntegrationFilter, SecurityContextHolderFilter, HeaderWriterFilter, CorsFilter, LogoutFilter, JwtAuthenticationFilter, RequestCacheAwareFilter, SecurityContextHolderAwareRequestFilter, AnonymousAuthenticationFilter, SessionManagementFilter, ExceptionTranslationFilter, AuthorizationFilter
2026-02-02 00:11:29 [main] INFO  o.s.b.w.e.tomcat.TomcatWebServer - Tomcat started on port 8080 (http) with context path '/'
2026-02-02 00:11:29 [main] INFO  c.e.e.EcommerceBackendApplication - Started EcommerceBackendApplication in 6.996 seconds (process running for 8.009)
2026-02-02 00:11:29 [main] DEBUG org.hibernate.SQL - 
    /* <criteria> */ select
        u1_0.id,
        u1_0.account_non_expired,
        u1_0.account_non_locked,
        u1_0.created_at,
        u1_0.credentials_non_expired,
        u1_0.email,
        u1_0.enabled,
        u1_0.first_name,
        u1_0.last_login,
        u1_0.last_name,
        u1_0.password,
        u1_0.phone_number,
        u1_0.role,
        u1_0.updated_at,
        u1_0.username 
    from
        users u1_0 
    where
        u1_0.username=?
2026-02-02 00:11:30 [main] DEBUG org.hibernate.SQL - 
    /* insert for
        com.example.ecommerce_backend.entity.User */insert 
    into
        users (account_non_expired, account_non_locked, created_at, credentials_non_expired, email, enabled, first_name, last_login, last_name, password, phone_number, role, updated_at, username) 
    values
        (?, ?, ?, ?, ?, ?, ?, ?, ?, ?, ?, ?, ?, ?)
2026-02-02 00:11:30 [main] INFO  c.e.e.config.DataInitializer - ============================================================
2026-02-02 00:11:30 [main] INFO  c.e.e.config.DataInitializer - DEFAULT ADMIN ACCOUNT CREATED
2026-02-02 00:11:30 [main] INFO  c.e.e.config.DataInitializer - ============================================================
2026-02-02 00:11:30 [main] INFO  c.e.e.config.DataInitializer - Username: admin
2026-02-02 00:11:30 [main] INFO  c.e.e.config.DataInitializer - Email: admin@ecommerce.com
2026-02-02 00:11:30 [main] INFO  c.e.e.config.DataInitializer - Password: Admin123!@#
2026-02-02 00:11:30 [main] INFO  c.e.e.config.DataInitializer - Role: ADMIN
2026-02-02 00:11:30 [main] INFO  c.e.e.config.DataInitializer - ============================================================
2026-02-02 00:11:30 [main] INFO  c.e.e.config.DataInitializer - IMPORTANT: Change the admin password after first login!
2026-02-02 00:11:30 [main] INFO  c.e.e.config.DataInitializer - ============================================================
2026-02-02 00:13:09 [http-nio-8080-exec-2] INFO  o.a.c.c.C.[Tomcat].[localhost].[/] - Initializing Spring DispatcherServlet 'dispatcherServlet'
2026-02-02 00:13:09 [http-nio-8080-exec-2] INFO  o.s.web.servlet.DispatcherServlet - Initializing Servlet 'dispatcherServlet'
2026-02-02 00:13:09 [http-nio-8080-exec-2] INFO  o.s.web.servlet.DispatcherServlet - Completed initialization in 31 ms
2026-02-02 00:13:09 [http-nio-8080-exec-2] DEBUG o.s.security.web.FilterChainProxy - Securing POST /api/v1/auth/login
2026-02-02 00:13:09 [http-nio-8080-exec-2] DEBUG o.s.s.w.a.AnonymousAuthenticationFilter - Set SecurityContextHolder to anonymous SecurityContext
2026-02-02 00:13:09 [http-nio-8080-exec-2] DEBUG o.s.security.web.FilterChainProxy - Secured POST /api/v1/auth/login
2026-02-02 00:13:10 [http-nio-8080-exec-2] DEBUG org.hibernate.SQL - 
    /* <criteria> */ select
        u1_0.id,
        u1_0.account_non_expired,
        u1_0.account_non_locked,
        u1_0.created_at,
        u1_0.credentials_non_expired,
        u1_0.email,
        u1_0.enabled,
        u1_0.first_name,
        u1_0.last_login,
        u1_0.last_name,
        u1_0.password,
        u1_0.phone_number,
        u1_0.role,
        u1_0.updated_at,
        u1_0.username 
    from
        users u1_0 
    where
        u1_0.username=? 
        or u1_0.email=?
2026-02-02 00:13:10 [http-nio-8080-exec-2] DEBUG o.s.s.a.d.DaoAuthenticationProvider - Authenticated user
2026-02-02 00:13:10 [http-nio-8080-exec-2] DEBUG org.hibernate.SQL - 
    /* <criteria> */ select
        u1_0.id,
        u1_0.account_non_expired,
        u1_0.account_non_locked,
        u1_0.created_at,
        u1_0.credentials_non_expired,
        u1_0.email,
        u1_0.enabled,
        u1_0.first_name,
        u1_0.last_login,
        u1_0.last_name,
        u1_0.password,
        u1_0.phone_number,
        u1_0.role,
        u1_0.updated_at,
        u1_0.username 
    from
        users u1_0 
    where
        u1_0.username=? 
        or u1_0.email=?
2026-02-02 00:13:10 [http-nio-8080-exec-2] INFO  c.e.e.service.AuthenticationService - User logged in: admin
2026-02-02 00:13:11 [http-nio-8080-exec-2] DEBUG org.hibernate.SQL - 
    /* SELECT
        COUNT(rt) 
    FROM
        RefreshToken rt 
    WHERE
        rt.user = :user 
        AND rt.revoked = false 
        AND rt.expiresAt > :now */ select
            count(rt1_0.id) 
        from
            refresh_tokens rt1_0 
        where
            rt1_0.user_id=? 
            and rt1_0.revoked=false 
            and rt1_0.expires_at>?
2026-02-02 00:13:11 [http-nio-8080-exec-2] DEBUG org.hibernate.SQL - 
    /* insert for
        com.example.ecommerce_backend.entity.RefreshToken */insert 
    into
        refresh_tokens (created_at, expires_at, replaced_by_token_hash, revoked, revoked_at, token_hash, user_id) 
    values
        (?, ?, ?, ?, ?, ?, ?)
2026-02-02 00:13:11 [http-nio-8080-exec-2] DEBUG org.hibernate.SQL - 
    /* update
        for com.example.ecommerce_backend.entity.User */update users 
    set
        account_non_expired=?,
        account_non_locked=?,
        credentials_non_expired=?,
        email=?,
        enabled=?,
        first_name=?,
        last_login=?,
        last_name=?,
        password=?,
        phone_number=?,
        role=?,
        updated_at=?,
        username=? 
    where
        id=?
